Arguments: 
  /data/data/com.termux/files/usr/bin/node /data/data/com.termux/files/usr/bin/yarn add formidable

PATH: 
  /data/data/com.termux/files/usr/bin:/data/data/com.termux/files/usr/bin/applets

Yarn version: 
  1.22.18

Node version: 
  16.14.2

Platform: 
  android arm

Trace: 
  Error: EPERM: operation not permitted, symlink '../../../mkdirp/bin/cmd.js' -> '/storage/emulated/0/Android/data/io.spck.editor.node/files/speechtools/node_modules/cluster/node_modules/.bin/mkdirp'

npm manifest: 
  {
    "name": "speech",
    "version": "1.0.0",
    "main": "server.js",
    "scripts": {
      "start": "node server.js",
      "test": "echo \"Error: no test specified\" && exit 1"
    },
    "repository": {
      "type": "git",
      "url": "git+https://Icekid35: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@github.com/Icekid35/speechtools.git"
    },
    "keywords": [],
    "author": "",
    "license": "ISC",
    "bugs": {
      "url": "https://github.com/Icekid35/speechtools/issues"
    },
    "homepage": "https://github.com/Icekid35/speechtools#readme",
    "dependencies": {
      "cluster": "^0.7.7",
      "cors": "^2.8.5",
      "express": "^4.17.3",
      "multer": "^1.4.4",
      "tesseract.js": "^2.1.5"
    },
    "description": ""
  }

yarn manifest: 
  No manifest

Lockfile: 
  No lockfile
